<?xml version="1.0" encoding="UTF-8"?>
<!-- Generated by org.testng.reporters.JUnitXMLReporter -->
<testsuite ignored="0" hostname="LAPTOP-NBCMIMTO" failures="0" tests="3" name="Test" time="10.562" errors="0" timestamp="2024-02-09T16:00:55 IST">
  <testcase classname="browsers_opening.Amazon" name="amazon" time="3.423"/>
  <testcase classname="browsers_opening.Meesho" name="meesho" time="2.982"/>
  <testcase classname="browsers_opening.Flipkart" name="flipkart" time="4.12"/>
</testsuite> <!-- Test -->
