<?xml version="1.0" encoding="UTF-8"?>
<testng-results ignored="0" total="3" passed="3" failed="0" skipped="0">
  <reporter-output>
    <line>
      <![CDATA[Opening Amazon site]]>
    </line>
    <line>
      <![CDATA[Opening Meesho site]]>
    </line>
    <line>
      <![CDATA[Opening Flipkart site]]>
    </line>
  </reporter-output>
  <suite started-at="2024-02-09T16:00:45 IST" name="Suite" finished-at="2024-02-09T16:00:55 IST" duration-ms="10562">
    <groups>
    </groups>
    <test started-at="2024-02-09T16:00:45 IST" name="Test" finished-at="2024-02-09T16:00:55 IST" duration-ms="10562">
      <class name="browsers_opening.Flipkart">
        <test-method signature="flipkart()[pri:0, instance:browsers_opening.Flipkart@32ee6fee]" started-at="2024-02-09T16:00:51 IST" name="flipkart" finished-at="2024-02-09T16:00:55 IST" duration-ms="4120" status="PASS">
          <reporter-output>
            <line>
              <![CDATA[Opening Flipkart site]]>
            </line>
          </reporter-output>
        </test-method> <!-- flipkart -->
      </class> <!-- browsers_opening.Flipkart -->
      <class name="browsers_opening.Meesho">
        <test-method signature="meesho()[pri:0, instance:browsers_opening.Meesho@5562c41e]" started-at="2024-02-09T16:00:48 IST" name="meesho" finished-at="2024-02-09T16:00:51 IST" duration-ms="2982" status="PASS">
          <reporter-output>
            <line>
              <![CDATA[Opening Meesho site]]>
            </line>
          </reporter-output>
        </test-method> <!-- meesho -->
      </class> <!-- browsers_opening.Meesho -->
      <class name="browsers_opening.Amazon">
        <test-method signature="amazon()[pri:0, instance:browsers_opening.Amazon@4d5b6aac]" started-at="2024-02-09T16:00:45 IST" name="amazon" finished-at="2024-02-09T16:00:48 IST" duration-ms="3423" status="PASS">
          <reporter-output>
            <line>
              <![CDATA[Opening Amazon site]]>
            </line>
          </reporter-output>
        </test-method> <!-- amazon -->
      </class> <!-- browsers_opening.Amazon -->
    </test> <!-- Test -->
  </suite> <!-- Suite -->
</testng-results>
